# JRE version: OpenJDK Runtime Environment (8.0_242-b01) (build 1.8.0_242-release-1644-b01)
# Java VM: OpenJDK 64-Bit Server VM (25.242-b01 mixed mode windows-amd64 compressed oops)
Heap:
 PSYoungGen      total 278528K, used 190924K [0x00000000d5580000, 0x00000000ec080000, 0x0000000100000000)
  eden space 254976K, 74% used [0x00000000d5580000,0x00000000e0ff3318,0x00000000e4e80000)
  from space 23552K, 0% used [0x00000000e7d00000,0x00000000e7d00000,0x00000000e9400000)
  to   space 47616K, 0% used [0x00000000e4e80000,0x00000000e4e80000,0x00000000e7d00000)
 ParOldGen       total 233472K, used 105480K [0x0000000080000000, 0x000000008e400000, 0x00000000d5580000)
  object space 233472K, 45% used [0x0000000080000000,0x0000000086702140,0x000000008e400000)
 Metaspace       used 78215K, capacity 82068K, committed 82712K, reserved 1120256K
  class space    used 10651K, capacity 11391K, committed 11568K, reserved 1048576K
GC Heap History (10 events):
Event: 15.720 GC heap before
{Heap before GC invocations=14 (full 2):
 PSYoungGen      total 190464K, used 26492K [0x00000000d5580000, 0x00000000e5800000, 0x0000000100000000)
  eden space 176640K, 7% used [0x00000000d5580000,0x00000000d61e45e0,0x00000000e0200000)
  from space 13824K, 99% used [0x00000000e0200000,0x00000000e0f7ab08,0x00000000e0f80000)
  to   space 20480K, 0% used [0x00000000e4400000,0x00000000e4400000,0x00000000e5800000)
 ParOldGen       total 73728K, used 30800K [0x0000000080000000, 0x0000000084800000, 0x00000000d5580000)
  object space 73728K, 41% used [0x0000000080000000,0x0000000081e14260,0x0000000084800000)
 Metaspace       used 56506K, capacity 58912K, committed 59160K, reserved 1099776K
  class space    used 7736K, capacity 8217K, committed 8240K, reserved 1048576K
Event: 15.735 GC heap after
Heap after GC invocations=14 (full 2):
 PSYoungGen      total 244224K, used 1216K [0x00000000d5580000, 0x00000000e5b80000, 0x0000000100000000)
  eden space 223744K, 0% used [0x00000000d5580000,0x00000000d5580000,0x00000000e3000000)
  from space 20480K, 5% used [0x00000000e4400000,0x00000000e4530000,0x00000000e5800000)
  to   space 20480K, 0% used [0x00000000e3000000,0x00000000e3000000,0x00000000e4400000)
 ParOldGen       total 73728K, used 41816K [0x0000000080000000, 0x0000000084800000, 0x00000000d5580000)
  object space 73728K, 56% used [0x0000000080000000,0x00000000828d61a8,0x0000000084800000)
 Metaspace       used 56506K, capacity 58912K, committed 59160K, reserved 1099776K
  class space    used 7736K, capacity 8217K, committed 8240K, reserved 1048576K
}
Event: 15.735 GC heap before
{Heap before GC invocations=15 (full 3):
 PSYoungGen      total 244224K, used 1216K [0x00000000d5580000, 0x00000000e5b80000, 0x0000000100000000)
  eden space 223744K, 0% used [0x00000000d5580000,0x00000000d5580000,0x00000000e3000000)
  from space 20480K, 5% used [0x00000000e4400000,0x00000000e4530000,0x00000000e5800000)
  to   space 20480K, 0% used [0x00000000e3000000,0x00000000e3000000,0x00000000e4400000)
 ParOldGen       total 73728K, used 41816K [0x0000000080000000, 0x0000000084800000, 0x00000000d5580000)
  object space 73728K, 56% used [0x0000000080000000,0x00000000828d61a8,0x0000000084800000)
 Metaspace       used 56506K, capacity 58912K, committed 59160K, reserved 1099776K
  class space    used 7736K, capacity 8217K, committed 8240K, reserved 1048576K
Event: 16.087 GC heap after
Heap after GC invocations=15 (full 3):
 PSYoungGen      total 244224K, used 0K [0x00000000d5580000, 0x00000000e5b80000, 0x0000000100000000)
  eden space 223744K, 0% used [0x00000000d5580000,0x00000000d5580000,0x00000000e3000000)
  from space 20480K, 0% used [0x00000000e4400000,0x00000000e4400000,0x00000000e5800000)
  to   space 20480K, 0% used [0x00000000e3000000,0x00000000e3000000,0x00000000e4400000)
 ParOldGen       total 110592K, used 29730K [0x0000000080000000, 0x0000000086c00000, 0x00000000d5580000)
  object space 110592K, 26% used [0x0000000080000000,0x0000000081d08968,0x0000000086c00000)
 Metaspace       used 56462K, capacity 58762K, committed 59160K, reserved 1099776K
  class space    used 7723K, capacity 8192K, committed 8240K, reserved 1048576K
}
Event: 21.281 GC heap before
{Heap before GC invocations=16 (full 3):
 PSYoungGen      total 244224K, used 223744K [0x00000000d5580000, 0x00000000e5b80000, 0x0000000100000000)
  eden space 223744K, 100% used [0x00000000d5580000,0x00000000e3000000,0x00000000e3000000)
  from space 20480K, 0% used [0x00000000e4400000,0x00000000e4400000,0x00000000e5800000)
  to   space 20480K, 0% used [0x00000000e3000000,0x00000000e3000000,0x00000000e4400000)
 ParOldGen       total 110592K, used 29730K [0x0000000080000000, 0x0000000086c00000, 0x00000000d5580000)
  object space 110592K, 26% used [0x0000000080000000,0x0000000081d08968,0x0000000086c00000)
 Metaspace       used 64102K, capacity 67362K, committed 67608K, reserved 1107968K
  class space    used 8849K, capacity 9488K, committed 9520K, reserved 1048576K
Event: 21.305 GC heap after
Heap after GC invocations=16 (full 3):
 PSYoungGen      total 244224K, used 19927K [0x00000000d5580000, 0x00000000e9400000, 0x0000000100000000)
  eden space 223744K, 0% used [0x00000000d5580000,0x00000000d5580000,0x00000000e3000000)
  from space 20480K, 97% used [0x00000000e3000000,0x00000000e4375ed8,0x00000000e4400000)
  to   space 23552K, 0% used [0x00000000e7d00000,0x00000000e7d00000,0x00000000e9400000)
 ParOldGen       total 110592K, used 29738K [0x0000000080000000, 0x0000000086c00000, 0x00000000d5580000)
  object space 110592K, 26% used [0x0000000080000000,0x0000000081d0a968,0x0000000086c00000)
 Metaspace       used 64102K, capacity 67362K, committed 67608K, reserved 1107968K
  class space    used 8849K, capacity 9488K, committed 9520K, reserved 1048576K
}
Event: 26.325 GC heap before
{Heap before GC invocations=17 (full 3):
 PSYoungGen      total 244224K, used 243671K [0x00000000d5580000, 0x00000000e9400000, 0x0000000100000000)
  eden space 223744K, 100% used [0x00000000d5580000,0x00000000e3000000,0x00000000e3000000)
  from space 20480K, 97% used [0x00000000e3000000,0x00000000e4375ed8,0x00000000e4400000)
  to   space 23552K, 0% used [0x00000000e7d00000,0x00000000e7d00000,0x00000000e9400000)
 ParOldGen       total 110592K, used 29738K [0x0000000080000000, 0x0000000086c00000, 0x00000000d5580000)
  object space 110592K, 26% used [0x0000000080000000,0x0000000081d0a968,0x0000000086c00000)
 Metaspace       used 71248K, capacity 75370K, committed 75544K, reserved 1114112K
  class space    used 9984K, capacity 10752K, committed 10800K, reserved 1048576K
Event: 26.399 GC heap after
Heap after GC invocations=17 (full 3):
 PSYoungGen      total 278528K, used 23539K [0x00000000d5580000, 0x00000000ec080000, 0x0000000100000000)
  eden space 254976K, 0% used [0x00000000d5580000,0x00000000d5580000,0x00000000e4e80000)
  from space 23552K, 99% used [0x00000000e7d00000,0x00000000e93fce90,0x00000000e9400000)
  to   space 47616K, 0% used [0x00000000e4e80000,0x00000000e4e80000,0x00000000e7d00000)
 ParOldGen       total 110592K, used 83816K [0x0000000080000000, 0x0000000086c00000, 0x00000000d5580000)
  object space 110592K, 75% used [0x0000000080000000,0x00000000851da2d8,0x0000000086c00000)
 Metaspace       used 71248K, capacity 75370K, committed 75544K, reserved 1114112K
  class space    used 9984K, capacity 10752K, committed 10800K, reserved 1048576K
}
Event: 26.399 GC heap before
{Heap before GC invocations=18 (full 4):
 PSYoungGen      total 278528K, used 23539K [0x00000000d5580000, 0x00000000ec080000, 0x0000000100000000)
  eden space 254976K, 0% used [0x00000000d5580000,0x00000000d5580000,0x00000000e4e80000)
  from space 23552K, 99% used [0x00000000e7d00000,0x00000000e93fce90,0x00000000e9400000)
  to   space 47616K, 0% used [0x00000000e4e80000,0x00000000e4e80000,0x00000000e7d00000)
 ParOldGen       total 110592K, used 83816K [0x0000000080000000, 0x0000000086c00000, 0x00000000d5580000)
  object space 110592K, 75% used [0x0000000080000000,0x00000000851da2d8,0x0000000086c00000)
 Metaspace       used 71248K, capacity 75370K, committed 75544K, reserved 1114112K
  class space    used 9984K, capacity 10752K, committed 10800K, reserved 1048576K
Event: 27.373 GC heap after
Heap after GC invocations=18 (full 4):
 PSYoungGen      total 278528K, used 0K [0x00000000d5580000, 0x00000000ec080000, 0x0000000100000000)
  eden space 254976K, 0% used [0x00000000d5580000,0x00000000d5580000,0x00000000e4e80000)
  from space 23552K, 0% used [0x00000000e7d00000,0x00000000e7d00000,0x00000000e9400000)
  to   space 47616K, 0% used [0x00000000e4e80000,0x00000000e4e80000,0x00000000e7d00000)
 ParOldGen       total 233472K, used 105480K [0x0000000080000000, 0x000000008e400000, 0x00000000d5580000)
  object space 233472K, 45% used [0x0000000080000000,0x0000000086702140,0x000000008e400000)
 Metaspace       used 70907K, capacity 74386K, committed 75544K, reserved 1114112K
  class space    used 9872K, capacity 10556K, committed 10800K, reserved 1048576K
}

