# JRE version: OpenJDK Runtime Environment (8.0_242-b01) (build 1.8.0_242-release-1644-b01)
# Java VM: OpenJDK 64-Bit Server VM (25.242-b01 mixed mode windows-amd64 compressed oops)
Heap:
 PSYoungGen      total 460800K, used 269813K [0x00000000d5580000, 0x00000000f8f80000, 0x0000000100000000)
  eden space 454144K, 57% used [0x00000000d5580000,0x00000000e56aefe8,0x00000000f1100000)
  from space 6656K, 97% used [0x00000000f8900000,0x00000000f8f4e5d8,0x00000000f8f80000)
  to   space 20480K, 0% used [0x00000000f6780000,0x00000000f6780000,0x00000000f7b80000)
 ParOldGen       total 88064K, used 54017K [0x0000000080000000, 0x0000000085600000, 0x00000000d5580000)
  object space 88064K, 61% used [0x0000000080000000,0x00000000834c06c0,0x0000000085600000)
 Metaspace       used 80099K, capacity 86884K, committed 87064K, reserved 1124352K
  class space    used 10422K, capacity 11507K, committed 11568K, reserved 1048576K
GC Heap History (10 events):
Event: 1224.208 GC heap before
{Heap before GC invocations=25 (full 3):
 PSYoungGen      total 474624K, used 466608K [0x00000000d5580000, 0x00000000f7f00000, 0x0000000100000000)
  eden space 455680K, 100% used [0x00000000d5580000,0x00000000f1280000,0x00000000f1280000)
  from space 18944K, 57% used [0x00000000f1280000,0x00000000f1d2c090,0x00000000f2500000)
  to   space 18944K, 0% used [0x00000000f6c80000,0x00000000f6c80000,0x00000000f7f00000)
 ParOldGen       total 88064K, used 53977K [0x0000000080000000, 0x0000000085600000, 0x00000000d5580000)
  object space 88064K, 61% used [0x0000000080000000,0x00000000834b66c0,0x0000000085600000)
 Metaspace       used 77933K, capacity 82808K, committed 82968K, reserved 1122304K
  class space    used 10136K, capacity 10981K, committed 11056K, reserved 1048576K
Event: 1224.243 GC heap after
Heap after GC invocations=25 (full 3):
 PSYoungGen      total 529920K, used 12032K [0x00000000d5580000, 0x00000000f7880000, 0x0000000100000000)
  eden space 517632K, 0% used [0x00000000d5580000,0x00000000d5580000,0x00000000f4f00000)
  from space 12288K, 97% used [0x00000000f6c80000,0x00000000f7840060,0x00000000f7880000)
  to   space 18944K, 0% used [0x00000000f5380000,0x00000000f5380000,0x00000000f6600000)
 ParOldGen       total 88064K, used 53985K [0x0000000080000000, 0x0000000085600000, 0x00000000d5580000)
  object space 88064K, 61% used [0x0000000080000000,0x00000000834b86c0,0x0000000085600000)
 Metaspace       used 77933K, capacity 82808K, committed 82968K, reserved 1122304K
  class space    used 10136K, capacity 10981K, committed 11056K, reserved 1048576K
}
Event: 1358.321 GC heap before
{Heap before GC invocations=26 (full 3):
 PSYoungGen      total 529920K, used 529664K [0x00000000d5580000, 0x00000000f7880000, 0x0000000100000000)
  eden space 517632K, 100% used [0x00000000d5580000,0x00000000f4f00000,0x00000000f4f00000)
  from space 12288K, 97% used [0x00000000f6c80000,0x00000000f7840060,0x00000000f7880000)
  to   space 18944K, 0% used [0x00000000f5380000,0x00000000f5380000,0x00000000f6600000)
 ParOldGen       total 88064K, used 53985K [0x0000000080000000, 0x0000000085600000, 0x00000000d5580000)
  object space 88064K, 61% used [0x0000000080000000,0x00000000834b86c0,0x0000000085600000)
 Metaspace       used 78166K, capacity 83094K, committed 83224K, reserved 1122304K
  class space    used 10140K, capacity 10986K, committed 11056K, reserved 1048576K
Event: 1358.383 GC heap after
Heap after GC invocations=26 (full 3):
 PSYoungGen      total 541184K, used 18848K [0x00000000d5580000, 0x00000000fb200000, 0x0000000100000000)
  eden space 522240K, 0% used [0x00000000d5580000,0x00000000d5580000,0x00000000f5380000)
  from space 18944K, 99% used [0x00000000f5380000,0x00000000f65e8070,0x00000000f6600000)
  to   space 21504K, 0% used [0x00000000f9d00000,0x00000000f9d00000,0x00000000fb200000)
 ParOldGen       total 88064K, used 53993K [0x0000000080000000, 0x0000000085600000, 0x00000000d5580000)
  object space 88064K, 61% used [0x0000000080000000,0x00000000834ba6c0,0x0000000085600000)
 Metaspace       used 78166K, capacity 83094K, committed 83224K, reserved 1122304K
  class space    used 10140K, capacity 10986K, committed 11056K, reserved 1048576K
}
Event: 1430.618 GC heap before
{Heap before GC invocations=27 (full 3):
 PSYoungGen      total 541184K, used 541088K [0x00000000d5580000, 0x00000000fb200000, 0x0000000100000000)
  eden space 522240K, 100% used [0x00000000d5580000,0x00000000f5380000,0x00000000f5380000)
  from space 18944K, 99% used [0x00000000f5380000,0x00000000f65e8070,0x00000000f6600000)
  to   space 21504K, 0% used [0x00000000f9d00000,0x00000000f9d00000,0x00000000fb200000)
 ParOldGen       total 88064K, used 53993K [0x0000000080000000, 0x0000000085600000, 0x00000000d5580000)
  object space 88064K, 61% used [0x0000000080000000,0x00000000834ba6c0,0x0000000085600000)
 Metaspace       used 79605K, capacity 86220K, committed 86552K, reserved 1124352K
  class space    used 10397K, capacity 11463K, committed 11568K, reserved 1048576K
Event: 1430.639 GC heap after
Heap after GC invocations=27 (full 3):
 PSYoungGen      total 510976K, used 12512K [0x00000000d5580000, 0x00000000fa980000, 0x0000000100000000)
  eden space 498176K, 0% used [0x00000000d5580000,0x00000000d5580000,0x00000000f3c00000)
  from space 12800K, 97% used [0x00000000f9d00000,0x00000000fa9380a0,0x00000000fa980000)
  to   space 21504K, 0% used [0x00000000f7f80000,0x00000000f7f80000,0x00000000f9480000)
 ParOldGen       total 88064K, used 54001K [0x0000000080000000, 0x0000000085600000, 0x00000000d5580000)
  object space 88064K, 61% used [0x0000000080000000,0x00000000834bc6c0,0x0000000085600000)
 Metaspace       used 79605K, capacity 86220K, committed 86552K, reserved 1124352K
  class space    used 10397K, capacity 11463K, committed 11568K, reserved 1048576K
}
Event: 1518.320 GC heap before
{Heap before GC invocations=28 (full 3):
 PSYoungGen      total 510976K, used 510688K [0x00000000d5580000, 0x00000000fa980000, 0x0000000100000000)
  eden space 498176K, 100% used [0x00000000d5580000,0x00000000f3c00000,0x00000000f3c00000)
  from space 12800K, 97% used [0x00000000f9d00000,0x00000000fa9380a0,0x00000000fa980000)
  to   space 21504K, 0% used [0x00000000f7f80000,0x00000000f7f80000,0x00000000f9480000)
 ParOldGen       total 88064K, used 54001K [0x0000000080000000, 0x0000000085600000, 0x00000000d5580000)
  object space 88064K, 61% used [0x0000000080000000,0x00000000834bc6c0,0x0000000085600000)
 Metaspace       used 79882K, capacity 86552K, committed 86808K, reserved 1124352K
  class space    used 10421K, capacity 11507K, committed 11568K, reserved 1048576K
Event: 1518.337 GC heap after
Heap after GC invocations=28 (full 3):
 PSYoungGen      total 481792K, used 6016K [0x00000000d5580000, 0x00000000f9d80000, 0x0000000100000000)
  eden space 475648K, 0% used [0x00000000d5580000,0x00000000d5580000,0x00000000f2600000)
  from space 6144K, 97% used [0x00000000f7f80000,0x00000000f8560070,0x00000000f8580000)
  to   space 20992K, 0% used [0x00000000f8900000,0x00000000f8900000,0x00000000f9d80000)
 ParOldGen       total 88064K, used 54009K [0x0000000080000000, 0x0000000085600000, 0x00000000d5580000)
  object space 88064K, 61% used [0x0000000080000000,0x00000000834be6c0,0x0000000085600000)
 Metaspace       used 79882K, capacity 86552K, committed 86808K, reserved 1124352K
  class space    used 10421K, capacity 11507K, committed 11568K, reserved 1048576K
}
Event: 1627.389 GC heap before
{Heap before GC invocations=29 (full 3):
 PSYoungGen      total 481792K, used 481664K [0x00000000d5580000, 0x00000000f9d80000, 0x0000000100000000)
  eden space 475648K, 100% used [0x00000000d5580000,0x00000000f2600000,0x00000000f2600000)
  from space 6144K, 97% used [0x00000000f7f80000,0x00000000f8560070,0x00000000f8580000)
  to   space 20992K, 0% used [0x00000000f8900000,0x00000000f8900000,0x00000000f9d80000)
 ParOldGen       total 88064K, used 54009K [0x0000000080000000, 0x0000000085600000, 0x00000000d5580000)
  object space 88064K, 61% used [0x0000000080000000,0x00000000834be6c0,0x0000000085600000)
 Metaspace       used 80032K, capacity 86752K, committed 87064K, reserved 1124352K
  class space    used 10422K, capacity 11507K, committed 11568K, reserved 1048576K
Event: 1627.432 GC heap after
Heap after GC invocations=29 (full 3):
 PSYoungGen      total 460800K, used 6457K [0x00000000d5580000, 0x00000000f8f80000, 0x0000000100000000)
  eden space 454144K, 0% used [0x00000000d5580000,0x00000000d5580000,0x00000000f1100000)
  from space 6656K, 97% used [0x00000000f8900000,0x00000000f8f4e5d8,0x00000000f8f80000)
  to   space 20480K, 0% used [0x00000000f6780000,0x00000000f6780000,0x00000000f7b80000)
 ParOldGen       total 88064K, used 54017K [0x0000000080000000, 0x0000000085600000, 0x00000000d5580000)
  object space 88064K, 61% used [0x0000000080000000,0x00000000834c06c0,0x0000000085600000)
 Metaspace       used 80032K, capacity 86752K, committed 87064K, reserved 1124352K
  class space    used 10422K, capacity 11507K, committed 11568K, reserved 1048576K
}

