# JRE version: OpenJDK Runtime Environment (8.0_242-b01) (build 1.8.0_242-release-1644-b01)
# Java VM: OpenJDK 64-Bit Server VM (25.242-b01 mixed mode windows-amd64 compressed oops)
Heap:
 PSYoungGen      total 370688K, used 200575K [0x00000000d5580000, 0x00000000ed900000, 0x0000000100000000)
  eden space 344576K, 56% used [0x00000000d5580000,0x00000000e149ec18,0x00000000ea600000)
  from space 26112K, 18% used [0x00000000ea600000,0x00000000eaac10c8,0x00000000ebf80000)
  to   space 20992K, 0% used [0x00000000ec480000,0x00000000ec480000,0x00000000ed900000)
 ParOldGen       total 182784K, used 92191K [0x0000000080000000, 0x000000008b280000, 0x00000000d5580000)
  object space 182784K, 50% used [0x0000000080000000,0x0000000085a07e58,0x000000008b280000)
 Metaspace       used 86337K, capacity 90680K, committed 93736K, reserved 1130496K
  class space    used 11722K, capacity 12558K, committed 13360K, reserved 1048576K
GC Heap History (10 events):
Event: 21.402 GC heap before
{Heap before GC invocations=15 (full 3):
 PSYoungGen      total 264192K, used 352K [0x00000000d5580000, 0x00000000e9080000, 0x0000000100000000)
  eden space 243200K, 0% used [0x00000000d5580000,0x00000000d5580000,0x00000000e4300000)
  from space 20992K, 1% used [0x00000000e5780000,0x00000000e57d8000,0x00000000e6c00000)
  to   space 20992K, 0% used [0x00000000e4300000,0x00000000e4300000,0x00000000e5780000)
 ParOldGen       total 67072K, used 42727K [0x0000000080000000, 0x0000000084180000, 0x00000000d5580000)
  object space 67072K, 63% used [0x0000000080000000,0x00000000829b9ef0,0x0000000084180000)
 Metaspace       used 56710K, capacity 59024K, committed 59160K, reserved 1099776K
  class space    used 7770K, capacity 8251K, committed 8368K, reserved 1048576K
Event: 21.668 GC heap after
Heap after GC invocations=15 (full 3):
 PSYoungGen      total 264192K, used 0K [0x00000000d5580000, 0x00000000e9080000, 0x0000000100000000)
  eden space 243200K, 0% used [0x00000000d5580000,0x00000000d5580000,0x00000000e4300000)
  from space 20992K, 0% used [0x00000000e5780000,0x00000000e5780000,0x00000000e6c00000)
  to   space 20992K, 0% used [0x00000000e4300000,0x00000000e4300000,0x00000000e5780000)
 ParOldGen       total 92672K, used 29211K [0x0000000080000000, 0x0000000085a80000, 0x00000000d5580000)
  object space 92672K, 31% used [0x0000000080000000,0x0000000081c86c10,0x0000000085a80000)
 Metaspace       used 56664K, capacity 58868K, committed 59160K, reserved 1099776K
  class space    used 7755K, capacity 8225K, committed 8368K, reserved 1048576K
}
Event: 34.767 GC heap before
{Heap before GC invocations=16 (full 3):
 PSYoungGen      total 264192K, used 243200K [0x00000000d5580000, 0x00000000e9080000, 0x0000000100000000)
  eden space 243200K, 100% used [0x00000000d5580000,0x00000000e4300000,0x00000000e4300000)
  from space 20992K, 0% used [0x00000000e5780000,0x00000000e5780000,0x00000000e6c00000)
  to   space 20992K, 0% used [0x00000000e4300000,0x00000000e4300000,0x00000000e5780000)
 ParOldGen       total 92672K, used 29211K [0x0000000080000000, 0x0000000085a80000, 0x00000000d5580000)
  object space 92672K, 31% used [0x0000000080000000,0x0000000081c86c10,0x0000000085a80000)
 Metaspace       used 65518K, capacity 68610K, committed 68776K, reserved 1107968K
  class space    used 9035K, capacity 9616K, committed 9648K, reserved 1048576K
Event: 34.834 GC heap after
Heap after GC invocations=16 (full 3):
 PSYoungGen      total 264192K, used 17868K [0x00000000d5580000, 0x00000000edb80000, 0x0000000100000000)
  eden space 243200K, 0% used [0x00000000d5580000,0x00000000d5580000,0x00000000e4300000)
  from space 20992K, 85% used [0x00000000e4300000,0x00000000e5473090,0x00000000e5780000)
  to   space 23552K, 0% used [0x00000000ec480000,0x00000000ec480000,0x00000000edb80000)
 ParOldGen       total 92672K, used 29219K [0x0000000080000000, 0x0000000085a80000, 0x00000000d5580000)
  object space 92672K, 31% used [0x0000000080000000,0x0000000081c88c10,0x0000000085a80000)
 Metaspace       used 65518K, capacity 68610K, committed 68776K, reserved 1107968K
  class space    used 9035K, capacity 9616K, committed 9648K, reserved 1048576K
}
Event: 64.051 GC heap before
{Heap before GC invocations=17 (full 3):
 PSYoungGen      total 264192K, used 261068K [0x00000000d5580000, 0x00000000edb80000, 0x0000000100000000)
  eden space 243200K, 100% used [0x00000000d5580000,0x00000000e4300000,0x00000000e4300000)
  from space 20992K, 85% used [0x00000000e4300000,0x00000000e5473090,0x00000000e5780000)
  to   space 23552K, 0% used [0x00000000ec480000,0x00000000ec480000,0x00000000edb80000)
 ParOldGen       total 92672K, used 29219K [0x0000000080000000, 0x0000000085a80000, 0x00000000d5580000)
  object space 92672K, 31% used [0x0000000080000000,0x0000000081c88c10,0x0000000085a80000)
 Metaspace       used 74545K, capacity 77960K, committed 78120K, reserved 1116160K
  class space    used 10129K, capacity 10736K, committed 10800K, reserved 1048576K
Event: 64.122 GC heap after
Heap after GC invocations=17 (full 3):
 PSYoungGen      total 365568K, used 19695K [0x00000000d5580000, 0x00000000ed900000, 0x0000000100000000)
  eden space 344576K, 0% used [0x00000000d5580000,0x00000000d5580000,0x00000000ea600000)
  from space 20992K, 93% used [0x00000000ec480000,0x00000000ed7bbe30,0x00000000ed900000)
  to   space 26112K, 0% used [0x00000000ea600000,0x00000000ea600000,0x00000000ebf80000)
 ParOldGen       total 92672K, used 40559K [0x0000000080000000, 0x0000000085a80000, 0x00000000d5580000)
  object space 92672K, 43% used [0x0000000080000000,0x000000008279bc58,0x0000000085a80000)
 Metaspace       used 74545K, capacity 77960K, committed 78120K, reserved 1116160K
  class space    used 10129K, capacity 10736K, committed 10800K, reserved 1048576K
}
Event: 74.831 GC heap before
{Heap before GC invocations=18 (full 3):
 PSYoungGen      total 365568K, used 364271K [0x00000000d5580000, 0x00000000ed900000, 0x0000000100000000)
  eden space 344576K, 100% used [0x00000000d5580000,0x00000000ea600000,0x00000000ea600000)
  from space 20992K, 93% used [0x00000000ec480000,0x00000000ed7bbe30,0x00000000ed900000)
  to   space 26112K, 0% used [0x00000000ea600000,0x00000000ea600000,0x00000000ebf80000)
 ParOldGen       total 92672K, used 40559K [0x0000000080000000, 0x0000000085a80000, 0x00000000d5580000)
  object space 92672K, 43% used [0x0000000080000000,0x000000008279bc58,0x0000000085a80000)
 Metaspace       used 86356K, capacity 92456K, committed 92584K, reserved 1128448K
  class space    used 11974K, capacity 13148K, committed 13232K, reserved 1048576K
Event: 75.434 GC heap after
Heap after GC invocations=18 (full 3):
 PSYoungGen      total 370688K, used 26105K [0x00000000d5580000, 0x00000000ed900000, 0x0000000100000000)
  eden space 344576K, 0% used [0x00000000d5580000,0x00000000d5580000,0x00000000ea600000)
  from space 26112K, 99% used [0x00000000ea600000,0x00000000ebf7e5d8,0x00000000ebf80000)
  to   space 20992K, 0% used [0x00000000ec480000,0x00000000ec480000,0x00000000ed900000)
 ParOldGen       total 92672K, used 73290K [0x0000000080000000, 0x0000000085a80000, 0x00000000d5580000)
  object space 92672K, 79% used [0x0000000080000000,0x0000000084792920,0x0000000085a80000)
 Metaspace       used 86356K, capacity 92456K, committed 92584K, reserved 1128448K
  class space    used 11974K, capacity 13148K, committed 13232K, reserved 1048576K
}
Event: 75.464 GC heap before
{Heap before GC invocations=19 (full 4):
 PSYoungGen      total 370688K, used 26105K [0x00000000d5580000, 0x00000000ed900000, 0x0000000100000000)
  eden space 344576K, 0% used [0x00000000d5580000,0x00000000d5580000,0x00000000ea600000)
  from space 26112K, 99% used [0x00000000ea600000,0x00000000ebf7e5d8,0x00000000ebf80000)
  to   space 20992K, 0% used [0x00000000ec480000,0x00000000ec480000,0x00000000ed900000)
 ParOldGen       total 92672K, used 73290K [0x0000000080000000, 0x0000000085a80000, 0x00000000d5580000)
  object space 92672K, 79% used [0x0000000080000000,0x0000000084792920,0x0000000085a80000)
 Metaspace       used 86356K, capacity 92456K, committed 92584K, reserved 1128448K
  class space    used 11974K, capacity 13148K, committed 13232K, reserved 1048576K
Event: 81.495 GC heap after
Heap after GC invocations=19 (full 4):
 PSYoungGen      total 370688K, used 4868K [0x00000000d5580000, 0x00000000ed900000, 0x0000000100000000)
  eden space 344576K, 0% used [0x00000000d5580000,0x00000000d5580000,0x00000000ea600000)
  from space 26112K, 18% used [0x00000000ea600000,0x00000000eaac10c8,0x00000000ebf80000)
  to   space 20992K, 0% used [0x00000000ec480000,0x00000000ec480000,0x00000000ed900000)
 ParOldGen       total 182784K, used 92191K [0x0000000080000000, 0x000000008b280000, 0x00000000d5580000)
  object space 182784K, 50% used [0x0000000080000000,0x0000000085a07e58,0x000000008b280000)
 Metaspace       used 84988K, capacity 89136K, committed 92584K, reserved 1128448K
  class space    used 11488K, capacity 12284K, committed 13232K, reserved 1048576K
}

